11/03/2022 02:20:21 PM - INFO : ........ Starting the cart testing ...........
11/03/2022 02:20:21 PM - INFO : ......... Starting to select the product and add them to the cart ........
11/03/2022 02:21:41 PM - INFO : ........ Starting adding the product to the Cart ...........
11/03/2022 02:22:06 PM - INFO : ........ Starting providing the personal details as register user or guest ...........
11/03/2022 02:22:34 PM - INFO : ........ Starting the shipping process...........
11/03/2022 02:43:43 PM - INFO : ........ Starting the cart testing ...........
11/03/2022 02:43:44 PM - INFO : ......... Starting to select the product and add them to the cart ........
11/03/2022 02:45:01 PM - INFO : ........ Starting adding the product to the Cart ...........
11/03/2022 02:45:26 PM - INFO : ........ Starting providing the personal details as register user or guest ...........
11/04/2022 05:03:07 PM - INFO : ........ Starting the cart testing ...........
11/04/2022 05:03:07 PM - INFO : ......... Starting to select the product and add them to the cart ........
11/04/2022 05:03:52 PM - INFO : ........ Starting adding the product to the Cart ...........
11/04/2022 05:04:19 PM - INFO : ........ Starting providing the personal details as register user or guest ...........
11/04/2022 05:07:26 PM - INFO : ........ Starting the cart testing ...........
11/04/2022 05:07:26 PM - INFO : ......... Starting to select the product and add them to the cart ........
11/04/2022 05:12:20 PM - INFO : ........ Starting the cart testing ...........
11/04/2022 05:12:20 PM - INFO : ......... Starting to select the product and add them to the cart ........
11/04/2022 05:12:47 PM - INFO : ........ Starting adding the product to the Cart ...........
11/04/2022 05:13:11 PM - INFO : ........ Starting providing the personal details as register user or guest ...........
11/04/2022 05:17:54 PM - INFO : ........ Starting the cart testing ...........
11/04/2022 05:17:54 PM - INFO : ......... Starting to select the product and add them to the cart ........
11/04/2022 05:18:16 PM - INFO : ........ Starting adding the product to the Cart ...........
11/04/2022 05:18:39 PM - INFO : ........ Starting providing the personal details as register user or guest ...........
11/04/2022 05:19:07 PM - INFO : ........ Starting the shipping process...........
11/04/2022 05:19:11 PM - INFO : ........ Starting the payment process ...........
11/04/2022 05:57:42 PM - INFO : ........ Starting the cart testing ...........
11/04/2022 05:57:42 PM - INFO : ......... Starting to select the product and add them to the cart ........
11/04/2022 05:58:08 PM - INFO : ........ Starting adding the product to the Cart ...........
11/09/2022 06:21:40 PM - INFO : ........ Starting the cart testing ...........
11/09/2022 06:21:40 PM - INFO : ......... Starting to select the product and add them to the cart ........
11/09/2022 06:22:16 PM - INFO : ........ Starting adding the product to the Cart ...........
11/09/2022 06:22:41 PM - INFO : ........ Starting providing the personal details as register user or guest ...........
11/09/2022 06:23:08 PM - INFO : ........ Starting the shipping process...........
11/09/2022 06:23:13 PM - INFO : ........ Starting the payment process ...........
11/09/2022 06:39:34 PM - INFO : ........ Starting the cart testing ...........
11/09/2022 06:39:34 PM - INFO : ......... Starting to select the product and add them to the cart ........
11/09/2022 06:53:43 PM - INFO : ........ Starting the cart testing ...........
11/09/2022 06:53:43 PM - INFO : ......... Starting to select the product and add them to the cart ........
11/09/2022 06:54:06 PM - INFO : ........ Starting adding the product to the Cart ...........
11/09/2022 06:54:33 PM - INFO : ........ Starting providing the personal details as register user or guest ...........
